<?xml version="1.0"?>
<testsuite name="Chrome Headless 142.0.0.0 (Windows 10)" package="" timestamp="2025-11-18T22:51:27" id="0" hostname="DELL" tests="36" errors="0" failures="0" time="2.758">
  <properties>
    <property name="browser.fullName" value="Mozilla/5.0 (Windows NT 10.0; Win64; x64) AppleWebKit/537.36 (KHTML, like Gecko) HeadlessChrome/142.0.0.0 Safari/537.36"/>
  </properties>
  <testcase name="EmployeeService should create an employee" time="0.197" classname="EmployeeService"/>
  <testcase name="EmployeeService should delete an employee by id" time="0.02" classname="EmployeeService"/>
  <testcase name="EmployeeService should parse mixed date formats (dd/MM/yyyy HH:mm:ss and ISO)" time="0.036" classname="EmployeeService"/>
  <testcase name="EmployeeService should update an employee" time="0.017" classname="EmployeeService"/>
  <testcase name="EmployeeService should propagate http error" time="0.019" classname="EmployeeService"/>
  <testcase name="EmployeeService should return empty array when backend returns empty list" time="0.019" classname="EmployeeService"/>
  <testcase name="EmployeeService should retrieve all employees" time="0.022" classname="EmployeeService"/>
  <testcase name="EmployeeService should handle error when deleting employee fails" time="0.016" classname="EmployeeService"/>
  <testcase name="EmployeeService should handle error when creating employee fails" time="0.018" classname="EmployeeService"/>
  <testcase name="EmployeeService should get employee by id" time="0.019" classname="EmployeeService"/>
  <testcase name="AppComponent should render title" time="0.413" classname="AppComponent"/>
  <testcase name="AddemployeeComponent should create" time="0.314" classname="AddemployeeComponent"/>
  <testcase name="AddemployeeComponent Validation Tests should show error when name is empty" time="0.063" classname="AddemployeeComponent Validation Tests"/>
  <testcase name="AddemployeeComponent Validation Tests should show error when name exceeds 100 characters" time="0.031" classname="AddemployeeComponent Validation Tests"/>
  <testcase name="AddemployeeComponent Validation Tests should show error when name contains only spaces" time="0.02" classname="AddemployeeComponent Validation Tests"/>
  <testcase name="AddemployeeComponent Validation Tests should create employee successfully with valid name" time="0.021" classname="AddemployeeComponent Validation Tests"/>
  <testcase name="AddemployeeComponent Validation Tests should show error when name is duplicate" time="0.028" classname="AddemployeeComponent Validation Tests"/>
  <testcase name="AddemployeeComponent Validation Tests should trim spaces from name before saving" time="0.021" classname="AddemployeeComponent Validation Tests"/>
  <testcase name="AddemployeeComponent Validation Tests should show error when name has less than 2 characters" time="0.027" classname="AddemployeeComponent Validation Tests"/>
  <testcase name="AddemployeeComponent Validation Tests should accept name with exactly 2 characters" time="0.03" classname="AddemployeeComponent Validation Tests"/>
  <testcase name="AddemployeeComponent Validation Tests should show error when name is duplicate (case insensitive)" time="0.033" classname="AddemployeeComponent Validation Tests"/>
  <testcase name="AddemployeeComponent Validation Tests should update employee successfully with valid name" time="0.021" classname="AddemployeeComponent Validation Tests"/>
  <testcase name="AddemployeeComponent Validation Tests should accept name with exactly 100 characters" time="0.027" classname="AddemployeeComponent Validation Tests"/>
  <testcase name="AddemployeeComponent Validation Tests should allow duplicate name when editing the same employee" time="0.019" classname="AddemployeeComponent Validation Tests"/>
  <testcase name="EmployeeComponent should filter employees by search term" time="0.377" classname="EmployeeComponent"/>
  <testcase name="EmployeeComponent should search case-insensitively" time="0.039" classname="EmployeeComponent"/>
  <testcase name="EmployeeComponent should initialize with default sort option" time="0.034" classname="EmployeeComponent"/>
  <testcase name="EmployeeComponent should sort employees by name ascending" time="0.025" classname="EmployeeComponent"/>
  <testcase name="EmployeeComponent should set imgLoadingDisplay to none by default" time="0.035" classname="EmployeeComponent"/>
  <testcase name="EmployeeComponent should handle empty employee list" time="0.038" classname="EmployeeComponent"/>
  <testcase name="EmployeeComponent should navigate to add employee page when addEmployee is called" time="0.039" classname="EmployeeComponent"/>
  <testcase name="EmployeeComponent should create" time="0.041" classname="EmployeeComponent"/>
  <testcase name="EmployeeComponent should load employees on init" time="0.036" classname="EmployeeComponent"/>
  <testcase name="EmployeeComponent should delete employee and reload list" time="0.563" classname="EmployeeComponent"/>
  <testcase name="EmployeeComponent should return empty array when search term does not match" time="0.038" classname="EmployeeComponent"/>
  <testcase name="EmployeeComponent should navigate to edit employee page with id" time="0.042" classname="EmployeeComponent"/>
  <system-out>
    <![CDATA[Chrome Headless 142.0.0.0 (Windows 10) LOG: 'Employee createdDate:', '2025-11-18T19:51:27'
,Chrome Headless 142.0.0.0 (Windows 10) LOG: 'Expected formatted date:', '2025-11-18T19:51:27'
,Chrome Headless 142.0.0.0 (Windows 10) LOG: 'Employee createdDate:', '2025-11-18T19:51:27'
,Chrome Headless 142.0.0.0 (Windows 10) LOG: 'Expected formatted date:', '2025-11-18T19:51:27'

]]>
  </system-out>
  <system-err/>
</testsuite>