<?xml version="1.0"?>
<testsuite name="Chrome Headless 142.0.0.0 (Mac OS 10.15.7)" package="" timestamp="2025-11-24T20:28:58" id="0" hostname="MacBook-Pro-2.local" tests="36" errors="0" failures="0" time="0.172">
  <properties>
    <property name="browser.fullName" value="Mozilla/5.0 (Macintosh; Intel Mac OS X 10_15_7) AppleWebKit/537.36 (KHTML, like Gecko) HeadlessChrome/142.0.0.0 Safari/537.36"/>
  </properties>
  <testcase name="AnimalService should delete an animal by id" time="0.005" classname="AnimalService"/>
  <testcase name="AnimalService should get animal by id" time="0.001" classname="AnimalService"/>
  <testcase name="AnimalService should create an animal" time="0.001" classname="AnimalService"/>
  <testcase name="AnimalService should update an animal" time="0" classname="AnimalService"/>
  <testcase name="AnimalService should propagate http error" time="0.001" classname="AnimalService"/>
  <testcase name="AnimalService should parse mixed date formats (dd/MM/yyyy HH:mm:ss and ISO)" time="0.001" classname="AnimalService"/>
  <testcase name="AnimalService should retrieve all animals" time="0.001" classname="AnimalService"/>
  <testcase name="AnimalService should return empty array when backend returns empty list" time="0.001" classname="AnimalService"/>
  <testcase name="AnimalService should handle error when creating animal fails" time="0" classname="AnimalService"/>
  <testcase name="AnimalService should handle error when deleting animal fails" time="0.001" classname="AnimalService"/>
  <testcase name="AnimalComponent should navigate to edit animal page with id" time="0.024" classname="AnimalComponent"/>
  <testcase name="AnimalComponent should sort animals by name ascending" time="0.004" classname="AnimalComponent"/>
  <testcase name="AnimalComponent should navigate to add animal page when addAnimal is called" time="0.001" classname="AnimalComponent"/>
  <testcase name="AnimalComponent should search case-insensitively" time="0.001" classname="AnimalComponent"/>
  <testcase name="AnimalComponent should load animals on init" time="0.002" classname="AnimalComponent"/>
  <testcase name="AnimalComponent should return empty array when search term does not match" time="0" classname="AnimalComponent"/>
  <testcase name="AnimalComponent should create" time="0.001" classname="AnimalComponent"/>
  <testcase name="AnimalComponent should initialize with default sort option" time="0.001" classname="AnimalComponent"/>
  <testcase name="AnimalComponent should delete animal and reload list" time="0.103" classname="AnimalComponent"/>
  <testcase name="AnimalComponent should handle empty animal list" time="0.002" classname="AnimalComponent"/>
  <testcase name="AnimalComponent should set imgLoadingDisplay to none by default" time="0.001" classname="AnimalComponent"/>
  <testcase name="AnimalComponent should filter animals by search term" time="0.001" classname="AnimalComponent"/>
  <testcase name="AddanimalComponent should create" time="0.004" classname="AddanimalComponent"/>
  <testcase name="AddanimalComponent Validation Tests should show error when name is duplicate (case insensitive)" time="0.003" classname="AddanimalComponent Validation Tests"/>
  <testcase name="AddanimalComponent Validation Tests should show error when name has less than 2 characters" time="0.001" classname="AddanimalComponent Validation Tests"/>
  <testcase name="AddanimalComponent Validation Tests should accept name with exactly 100 characters" time="0.001" classname="AddanimalComponent Validation Tests"/>
  <testcase name="AddanimalComponent Validation Tests should show error when name exceeds 100 characters" time="0.001" classname="AddanimalComponent Validation Tests"/>
  <testcase name="AddanimalComponent Validation Tests should accept name with exactly 2 characters" time="0.001" classname="AddanimalComponent Validation Tests"/>
  <testcase name="AddanimalComponent Validation Tests should update animal successfully with valid name" time="0.001" classname="AddanimalComponent Validation Tests"/>
  <testcase name="AddanimalComponent Validation Tests should show error when name is duplicate" time="0.001" classname="AddanimalComponent Validation Tests"/>
  <testcase name="AddanimalComponent Validation Tests should create animal successfully with valid name" time="0.001" classname="AddanimalComponent Validation Tests"/>
  <testcase name="AddanimalComponent Validation Tests should allow duplicate name when editing the same animal" time="0.001" classname="AddanimalComponent Validation Tests"/>
  <testcase name="AddanimalComponent Validation Tests should trim spaces from name before saving" time="0.001" classname="AddanimalComponent Validation Tests"/>
  <testcase name="AddanimalComponent Validation Tests should show error when name is empty" time="0.001" classname="AddanimalComponent Validation Tests"/>
  <testcase name="AddanimalComponent Validation Tests should show error when name contains only spaces" time="0" classname="AddanimalComponent Validation Tests"/>
  <testcase name="AppComponent should render title" time="0.002" classname="AppComponent"/>
  <system-out>
    <![CDATA[Chrome Headless 142.0.0.0 (Mac OS 10.15.7) LOG: 'Animal createdDate:', '2025-11-24T17:28:58'
,Chrome Headless 142.0.0.0 (Mac OS 10.15.7) LOG: 'Expected formatted date:', '2025-11-24T17:28:58'
,Chrome Headless 142.0.0.0 (Mac OS 10.15.7) LOG: 'Animal createdDate:', '2025-11-24T17:28:58'
,Chrome Headless 142.0.0.0 (Mac OS 10.15.7) LOG: 'Expected formatted date:', '2025-11-24T17:28:58'

]]>
  </system-out>
  <system-err/>
</testsuite>