<?xml version="1.0" encoding="UTF-8"?>
<testsuites name="Mocha Tests" time="12.452" tests="1" failures="1">
  <testsuite name="Root Suite" timestamp="2025-11-25T19:29:57" tests="0" file="cypress\e2e\edit_animal_test.cy.js" time="0.000" failures="0">
  </testsuite>
  <testsuite name="editAnimalTest" timestamp="2025-11-25T19:29:57" tests="1" time="12.444" failures="1">
    <testcase name="editAnimalTest Edita correctamente un animal" time="0.000" classname="Edita correctamente un animal">
      <failure message="Timed out retrying after 4000ms: expected &apos;&lt;td&gt;&apos; to contain text &apos;Animal Modified Cypress&apos;, but the text was &apos;Animal Test CypressModified Cypress&apos;" type="AssertionError"><![CDATA[AssertionError: Timed out retrying after 4000ms: expected '<td>' to contain text 'Animal Modified Cypress', but the text was 'Animal Test CypressModified Cypress'
    at Context.eval (webpack://farm-crud-angular/./cypress/e2e/edit_animal_test.cy.js:42:74)]]></failure>
    </testcase>
  </testsuite>
</testsuites>